<?xml version="1.0" encoding="UTF-8"?>
<!-- Generated by org.testng.reporters.JUnitReportReporter -->
<testsuite hostname="LAPTOP-TGV1HOP3" failures="0" tests="3" name="Test.LoginPageTest" time="8.460" errors="0" timestamp="2022-06-14T17:38:17 IST" skipped="0">
  <testcase classname="Test.LoginPageTest" name="forgotPasswordLinkTest" time="2.951"/>
  <system-out/>
  <testcase classname="Test.LoginPageTest" name="signupLinkTest" time="2.201"/>
  <system-out/>
  <testcase classname="Test.LoginPageTest" name="loginWithValidCredentials" time="3.308"/>
  <system-out/>
</testsuite> <!-- Test.LoginPageTest -->
